<?xml version="1.0" encoding="UTF-8"?>
<!-- Generated by org.testng.reporters.JUnitReportReporter -->
<testsuite hostname="DESKTOP-5NEEPGF" failures="0" tests="10" name="JenkinsCheckMadi.Practice1" time="0.020" errors="0" timestamp="02 Jun 2024 06:19:03 GMT" skipped="0">
  <testcase classname="JenkinsCheckMadi.Practice1" name="BTest" time="0.001"/>
  <testcase classname="JenkinsCheckMadi.Practice1" name="DTest" time="0.001"/>
  <testcase classname="JenkinsCheckMadi.Practice1" name="HTest" time="0.000"/>
  <testcase classname="JenkinsCheckMadi.Practice1" name="ETest" time="0.000"/>
  <testcase classname="JenkinsCheckMadi.Practice1" name="FTest" time="0.001"/>
  <testcase classname="JenkinsCheckMadi.Practice1" name="ATest" time="0.017"/>
  <testcase classname="JenkinsCheckMadi.Practice1" name="JTest" time="0.000"/>
  <testcase classname="JenkinsCheckMadi.Practice1" name="ITest" time="0.000"/>
  <testcase classname="JenkinsCheckMadi.Practice1" name="CTest" time="0.000"/>
  <testcase classname="JenkinsCheckMadi.Practice1" name="GTest" time="0.000"/>
</testsuite> <!-- JenkinsCheckMadi.Practice1 -->
