<?xml version="1.0" encoding="UTF-8"?>
<!-- Generated by org.testng.reporters.JUnitReportReporter -->
<testsuite hostname="DESKTOP-5NEEPGF" failures="0" tests="6" name="JenkinsCheckMadi.Practice1" time="0.027" errors="0" timestamp="31 May 2024 17:45:19 GMT" skipped="0">
  <testcase classname="JenkinsCheckMadi.Practice1" name="BTest" time="0.001"/>
  <testcase classname="JenkinsCheckMadi.Practice1" name="DTest" time="0.002"/>
  <testcase classname="JenkinsCheckMadi.Practice1" name="ETest" time="0.001"/>
  <testcase classname="JenkinsCheckMadi.Practice1" name="FTest" time="0.000"/>
  <testcase classname="JenkinsCheckMadi.Practice1" name="ATest" time="0.022"/>
  <testcase classname="JenkinsCheckMadi.Practice1" name="CTest" time="0.001"/>
</testsuite> <!-- JenkinsCheckMadi.Practice1 -->
